  World.cpp
C:\Programming\Projects\Cpp\VS22\CGT215_FinalProject\CGT215_FinalProject\GameObjects\World.cpp(124,8): warning C4244: 'argument': conversion from 'T' to 'T', possible loss of data
C:\Programming\Projects\Cpp\VS22\CGT215_FinalProject\CGT215_FinalProject\GameObjects\World.cpp(124,8): warning C4244:         with
C:\Programming\Projects\Cpp\VS22\CGT215_FinalProject\CGT215_FinalProject\GameObjects\World.cpp(124,8): warning C4244:         [
C:\Programming\Projects\Cpp\VS22\CGT215_FinalProject\CGT215_FinalProject\GameObjects\World.cpp(124,8): warning C4244:             T=int
C:\Programming\Projects\Cpp\VS22\CGT215_FinalProject\CGT215_FinalProject\GameObjects\World.cpp(124,8): warning C4244:         ]
C:\Programming\Projects\Cpp\VS22\CGT215_FinalProject\CGT215_FinalProject\GameObjects\World.cpp(124,8): warning C4244:         and
C:\Programming\Projects\Cpp\VS22\CGT215_FinalProject\CGT215_FinalProject\GameObjects\World.cpp(124,8): warning C4244:         [
C:\Programming\Projects\Cpp\VS22\CGT215_FinalProject\CGT215_FinalProject\GameObjects\World.cpp(124,8): warning C4244:             T=float
C:\Programming\Projects\Cpp\VS22\CGT215_FinalProject\CGT215_FinalProject\GameObjects\World.cpp(124,8): warning C4244:         ]
C:\Programming\Projects\Cpp\VS22\CGT215_FinalProject\CGT215_FinalProject\GameObjects\World.cpp(123,8): warning C4244: 'argument': conversion from 'T' to 'T', possible loss of data
C:\Programming\Projects\Cpp\VS22\CGT215_FinalProject\CGT215_FinalProject\GameObjects\World.cpp(123,8): warning C4244:         with
C:\Programming\Projects\Cpp\VS22\CGT215_FinalProject\CGT215_FinalProject\GameObjects\World.cpp(123,8): warning C4244:         [
C:\Programming\Projects\Cpp\VS22\CGT215_FinalProject\CGT215_FinalProject\GameObjects\World.cpp(123,8): warning C4244:             T=int
C:\Programming\Projects\Cpp\VS22\CGT215_FinalProject\CGT215_FinalProject\GameObjects\World.cpp(123,8): warning C4244:         ]
C:\Programming\Projects\Cpp\VS22\CGT215_FinalProject\CGT215_FinalProject\GameObjects\World.cpp(123,8): warning C4244:         and
C:\Programming\Projects\Cpp\VS22\CGT215_FinalProject\CGT215_FinalProject\GameObjects\World.cpp(123,8): warning C4244:         [
C:\Programming\Projects\Cpp\VS22\CGT215_FinalProject\CGT215_FinalProject\GameObjects\World.cpp(123,8): warning C4244:             T=float
C:\Programming\Projects\Cpp\VS22\CGT215_FinalProject\CGT215_FinalProject\GameObjects\World.cpp(123,8): warning C4244:         ]
  Generating code
  2 of 3353 functions (<0.1%) were compiled, the rest were copied from previous compilation.
    0 functions were new in current compilation
    1 functions had inline decision re-evaluated but remain unchanged
  Finished generating code
  CGT215_FinalProject.vcxproj -> C:\Programming\Projects\Cpp\VS22\CGT215_FinalProject\x64\Release\CGT215_FinalProject.exe
